<?xml version="1.0" encoding="UTF-8"?>
<!-- Generated by org.testng.reporters.JUnitXMLReporter -->
<testsuite hostname="DESKTOP-B2426KB" ignored="0" name="Test" tests="4" failures="0" timestamp="2021-06-17T17:08:57 IST" time="37.969" errors="0">
  <testcase name="createBooking" time="15.919" classname="com.parallelExecution.TestTwo"/>
  <testcase name="createBooking" time="15.919" classname="com.parallelExecution.TestOne"/>
  <testcase name="getBookingDetails" time="22.009" classname="com.parallelExecution.TestOne"/>
  <testcase name="getBookingDetails" time="22.02" classname="com.parallelExecution.TestTwo"/>
</testsuite> <!-- Test -->
